<?xml version="1.0" encoding="UTF-8"?>
<testsuite name="org.hyperledger.fabric.samples.assettransfer.AssetTransferTest$InvokeCreateAssetTransaction" tests="2" skipped="0" failures="0" errors="0" timestamp="2024-12-04T07:20:31" hostname="DESKTOP-853GUBE" time="0.054">
  <properties/>
  <testcase name="whenAssetExists()" classname="org.hyperledger.fabric.samples.assettransfer.AssetTransferTest$InvokeCreateAssetTransaction" time="0.023"/>
  <testcase name="whenAssetDoesNotExist()" classname="org.hyperledger.fabric.samples.assettransfer.AssetTransferTest$InvokeCreateAssetTransaction" time="0.019"/>
  <system-out><![CDATA[Asset asset1 already exists
]]></system-out>
  <system-err><![CDATA[]]></system-err>
</testsuite>
